{"D:\\Code2career-NodeJS-GSG\\GSG-c2c-NodeJS-Tasks\\src\\server.ts": {"path":"D:\\Code2career-NodeJS-GSG\\GSG-c2c-NodeJS-Tasks\\src\\server.ts","statementMap":{"0":{"start":{"line":1,"column":0},"end":{"line":1,"column":44}},"1":{"start":{"line":3,"column":0},"end":{"line":3,"column":49}},"2":{"start":{"line":4,"column":0},"end":{"line":4,"column":22}},"3":{"start":{"line":5,"column":0},"end":{"line":5,"column":50}},"4":{"start":{"line":6,"column":0},"end":{"line":6,"column":48}},"5":{"start":{"line":7,"column":0},"end":{"line":7,"column":55}},"6":{"start":{"line":8,"column":0},"end":{"line":8,"column":55}},"7":{"start":{"line":9,"column":0},"end":{"line":9,"column":75}},"8":{"start":{"line":11,"column":13},"end":{"line":11,"column":29}},"9":{"start":{"line":13,"column":13},"end":{"line":13,"column":29}},"10":{"start":{"line":16,"column":0},"end":{"line":16,"column":null}},"11":{"start":{"line":18,"column":0},"end":{"line":18,"column":null}},"12":{"start":{"line":19,"column":0},"end":{"line":19,"column":null}},"13":{"start":{"line":20,"column":0},"end":{"line":20,"column":null}},"14":{"start":{"line":21,"column":0},"end":{"line":21,"column":null}},"15":{"start":{"line":22,"column":0},"end":{"line":22,"column":null}},"16":{"start":{"line":23,"column":0},"end":{"line":23,"column":null}},"17":{"start":{"line":26,"column":0},"end":{"line":28,"column":null}},"18":{"start":{"line":27,"column":4},"end":{"line":27,"column":null}},"19":{"start":{"line":29,"column":12},"end":{"line":29,"column":34}},"20":{"start":{"line":30,"column":0},"end":{"line":30,"column":17}},"21":{"start":{"line":31,"column":0},"end":{"line":35,"column":1}},"22":{"start":{"line":32,"column":2},"end":{"line":34,"column":null}},"23":{"start":{"line":33,"column":5},"end":{"line":33,"column":null}}},"fnMap":{"0":{"name":"(anonymous_1)","decl":{"start":{"line":26,"column":8},"end":{"line":26,"column":9}},"loc":{"start":{"line":26,"column":70},"end":{"line":28,"column":1}}},"1":{"name":"(anonymous_2)","decl":{"start":{"line":32,"column":20},"end":{"line":32,"column":23}},"loc":{"start":{"line":32,"column":25},"end":{"line":34,"column":2}}}},"branchMap":{"0":{"loc":{"start":{"line":31,"column":0},"end":{"line":35,"column":1}},"type":"if","locations":[{"start":{"line":31,"column":0},"end":{"line":35,"column":1}},{"start":{},"end":{}}]}},"s":{"0":1,"1":1,"2":1,"3":1,"4":1,"5":1,"6":1,"7":1,"8":1,"9":1,"10":1,"11":1,"12":1,"13":1,"14":1,"15":1,"16":1,"17":1,"18":1,"19":1,"20":1,"21":1,"22":0,"23":0},"f":{"0":1,"1":0},"b":{"0":[0,1]}}
,"D:\\Code2career-NodeJS-GSG\\GSG-c2c-NodeJS-Tasks\\src\\auth\\auth.controller.ts": {"path":"D:\\Code2career-NodeJS-GSG\\GSG-c2c-NodeJS-Tasks\\src\\auth\\auth.controller.ts","statementMap":{"0":{"start":{"line":3,"column":0},"end":{"line":3,"column":58}},"1":{"start":{"line":4,"column":0},"end":{"line":4,"column":72}},"2":{"start":{"line":5,"column":0},"end":{"line":5,"column":58}},"3":{"start":{"line":6,"column":0},"end":{"line":6,"column":50}},"4":{"start":{"line":7,"column":0},"end":{"line":7,"column":44}},"5":{"start":{"line":8,"column":0},"end":{"line":8,"column":61}},"6":{"start":{"line":14,"column":9},"end":{"line":25,"column":8}},"7":{"start":{"line":15,"column":32},"end":{"line":15,"column":84}},"8":{"start":{"line":16,"column":25},"end":{"line":16,"column":64}},"9":{"start":{"line":17,"column":12},"end":{"line":17,"column":null}},"10":{"start":{"line":20,"column":14},"end":{"line":20,"column":null}},"11":{"start":{"line":21,"column":15},"end":{"line":23,"column":11}},"12":{"start":{"line":22,"column":18},"end":{"line":22,"column":91}},"13":{"start":{"line":24,"column":12},"end":{"line":24,"column":87}},"14":{"start":{"line":32,"column":24},"end":{"line":32,"column":71}},"15":{"start":{"line":33,"column":21},"end":{"line":33,"column":57}},"16":{"start":{"line":34,"column":4},"end":{"line":37,"column":5}},"17":{"start":{"line":35,"column":6},"end":{"line":35,"column":null}},"18":{"start":{"line":36,"column":6},"end":{"line":36,"column":12}},"19":{"start":{"line":38,"column":4},"end":{"line":38,"column":null}},"20":{"start":{"line":43,"column":24},"end":{"line":43,"column":71}},"21":{"start":{"line":44,"column":21},"end":{"line":44,"column":57}},"22":{"start":{"line":45,"column":4},"end":{"line":48,"column":5}},"23":{"start":{"line":46,"column":7},"end":{"line":46,"column":null}},"24":{"start":{"line":47,"column":6},"end":{"line":47,"column":13}},"25":{"start":{"line":49,"column":18},"end":{"line":49,"column":65}},"26":{"start":{"line":50,"column":4},"end":{"line":50,"column":null}},"27":{"start":{"line":10,"column":0},"end":{"line":10,"column":13}},"28":{"start":{"line":53,"column":13},"end":{"line":53,"column":null}}},"fnMap":{"0":{"name":"(anonymous_0)","decl":{"start":{"line":12,"column":11},"end":{"line":12,"column":16}},"loc":{"start":{"line":12,"column":123},"end":{"line":26,"column":5}}},"1":{"name":"(anonymous_1)","decl":{"start":{"line":30,"column":11},"end":{"line":30,"column":16}},"loc":{"start":{"line":30,"column":113},"end":{"line":39,"column":5}}},"2":{"name":"(anonymous_2)","decl":{"start":{"line":41,"column":11},"end":{"line":41,"column":16}},"loc":{"start":{"line":41,"column":127},"end":{"line":51,"column":5}}}},"branchMap":{"0":{"loc":{"start":{"line":21,"column":15},"end":{"line":23,"column":11}},"type":"if","locations":[{"start":{"line":21,"column":15},"end":{"line":23,"column":11}},{"start":{},"end":{}}]},"1":{"loc":{"start":{"line":34,"column":4},"end":{"line":37,"column":5}},"type":"if","locations":[{"start":{"line":34,"column":4},"end":{"line":37,"column":5}},{"start":{},"end":{}}]},"2":{"loc":{"start":{"line":45,"column":4},"end":{"line":48,"column":5}},"type":"if","locations":[{"start":{"line":45,"column":4},"end":{"line":48,"column":5}},{"start":{},"end":{}}]}},"s":{"0":1,"1":1,"2":1,"3":1,"4":1,"5":1,"6":0,"7":0,"8":0,"9":0,"10":0,"11":0,"12":0,"13":0,"14":0,"15":0,"16":0,"17":0,"18":0,"19":0,"20":0,"21":0,"22":0,"23":0,"24":0,"25":0,"26":0,"27":1,"28":1},"f":{"0":0,"1":0,"2":0},"b":{"0":[0,0],"1":[0,0],"2":[0,0]}}
,"D:\\Code2career-NodeJS-GSG\\GSG-c2c-NodeJS-Tasks\\src\\auth\\auth.routes.ts": {"path":"D:\\Code2career-NodeJS-GSG\\GSG-c2c-NodeJS-Tasks\\src\\auth\\auth.routes.ts","statementMap":{"0":{"start":{"line":1,"column":0},"end":{"line":1,"column":33}},"1":{"start":{"line":2,"column":0},"end":{"line":2,"column":50}},"2":{"start":{"line":4,"column":15},"end":{"line":4,"column":23}},"3":{"start":{"line":8,"column":1},"end":{"line":8,"column":null}},"4":{"start":{"line":11,"column":1},"end":{"line":11,"column":67}},"5":{"start":{"line":13,"column":2},"end":{"line":13,"column":null}},"6":{"start":{"line":16,"column":13},"end":{"line":16,"column":null}}},"fnMap":{},"branchMap":{},"s":{"0":1,"1":1,"2":1,"3":1,"4":1,"5":1,"6":1},"f":{},"b":{}}
,"D:\\Code2career-NodeJS-GSG\\GSG-c2c-NodeJS-Tasks\\src\\auth\\auth.service.ts": {"path":"D:\\Code2career-NodeJS-GSG\\GSG-c2c-NodeJS-Tasks\\src\\auth\\auth.service.ts","statementMap":{"0":{"start":{"line":1,"column":0},"end":{"line":1,"column":60}},"1":{"start":{"line":2,"column":0},"end":{"line":2,"column":52}},"2":{"start":{"line":4,"column":0},"end":{"line":4,"column":71}},"3":{"start":{"line":10,"column":28},"end":{"line":10,"column":67}},"4":{"start":{"line":12,"column":25},"end":{"line":15,"column":9}},"5":{"start":{"line":17,"column":7},"end":{"line":17,"column":52}},"6":{"start":{"line":22,"column":28},"end":{"line":22,"column":72}},"7":{"start":{"line":23,"column":10},"end":{"line":25,"column":11}},"8":{"start":{"line":24,"column":12},"end":{"line":24,"column":null}},"9":{"start":{"line":27,"column":38},"end":{"line":27,"column":97}},"10":{"start":{"line":29,"column":12},"end":{"line":31,"column":13}},"11":{"start":{"line":30,"column":15},"end":{"line":30,"column":27}},"12":{"start":{"line":35,"column":8},"end":{"line":35,"column":54}},"13":{"start":{"line":6,"column":0},"end":{"line":6,"column":13}},"14":{"start":{"line":39,"column":13},"end":{"line":39,"column":null}}},"fnMap":{"0":{"name":"(anonymous_0)","decl":{"start":{"line":8,"column":13},"end":{"line":8,"column":18}},"loc":{"start":{"line":8,"column":47},"end":{"line":18,"column":7}}},"1":{"name":"(anonymous_1)","decl":{"start":{"line":20,"column":13},"end":{"line":20,"column":18}},"loc":{"start":{"line":20,"column":41},"end":{"line":37,"column":7}}}},"branchMap":{"0":{"loc":{"start":{"line":23,"column":10},"end":{"line":25,"column":11}},"type":"if","locations":[{"start":{"line":23,"column":10},"end":{"line":25,"column":11}},{"start":{},"end":{}}]},"1":{"loc":{"start":{"line":29,"column":12},"end":{"line":31,"column":13}},"type":"if","locations":[{"start":{"line":29,"column":12},"end":{"line":31,"column":13}},{"start":{},"end":{}}]}},"s":{"0":1,"1":1,"2":1,"3":0,"4":0,"5":0,"6":0,"7":0,"8":0,"9":0,"10":0,"11":0,"12":0,"13":1,"14":1},"f":{"0":0,"1":0},"b":{"0":[0,0],"1":[0,0]}}
,"D:\\Code2career-NodeJS-GSG\\GSG-c2c-NodeJS-Tasks\\src\\auth\\utils\\argon.utils.ts": {"path":"D:\\Code2career-NodeJS-GSG\\GSG-c2c-NodeJS-Tasks\\src\\auth\\utils\\argon.utils.ts","statementMap":{"0":{"start":{"line":6,"column":0},"end":{"line":6,"column":7}},"1":{"start":{"line":1,"column":0},"end":{"line":1,"column":27}},"2":{"start":{"line":3,"column":32},"end":{"line":5,"column":1}},"3":{"start":{"line":4,"column":5},"end":{"line":4,"column":34}},"4":{"start":{"line":3,"column":13},"end":{"line":3,"column":32}},"5":{"start":{"line":7,"column":3},"end":{"line":7,"column":null}}},"fnMap":{"0":{"name":"(anonymous_1)","decl":{"start":{"line":3,"column":32},"end":{"line":3,"column":33}},"loc":{"start":{"line":3,"column":52},"end":{"line":5,"column":1}}},"1":{"name":"verifyArgonHash","decl":{"start":{"line":6,"column":22},"end":{"line":6,"column":37}},"loc":{"start":{"line":6,"column":66},"end":{"line":8,"column":1}}}},"branchMap":{},"s":{"0":1,"1":1,"2":1,"3":1,"4":1,"5":0},"f":{"0":1,"1":0},"b":{}}
,"D:\\Code2career-NodeJS-GSG\\GSG-c2c-NodeJS-Tasks\\src\\auth\\utils\\auth.schema.ts": {"path":"D:\\Code2career-NodeJS-GSG\\GSG-c2c-NodeJS-Tasks\\src\\auth\\utils\\auth.schema.ts","statementMap":{"0":{"start":{"line":2,"column":0},"end":{"line":2,"column":59}},"1":{"start":{"line":6,"column":13},"end":{"line":13,"column":null}},"2":{"start":{"line":15,"column":13},"end":{"line":20,"column":null}}},"fnMap":{},"branchMap":{},"s":{"0":1,"1":1,"2":1},"f":{},"b":{}}
,"D:\\Code2career-NodeJS-GSG\\GSG-c2c-NodeJS-Tasks\\src\\auth\\utils\\jwt.utils.ts": {"path":"D:\\Code2career-NodeJS-GSG\\GSG-c2c-NodeJS-Tasks\\src\\auth\\utils\\jwt.utils.ts","statementMap":{"0":{"start":{"line":1,"column":0},"end":{"line":1,"column":135}},"1":{"start":{"line":4,"column":19},"end":{"line":4,"column":41}},"2":{"start":{"line":5,"column":23},"end":{"line":7,"column":1}},"3":{"start":{"line":6,"column":2},"end":{"line":6,"column":61}},"4":{"start":{"line":5,"column":13},"end":{"line":5,"column":23}},"5":{"start":{"line":9,"column":25},"end":{"line":11,"column":1}},"6":{"start":{"line":10,"column":2},"end":{"line":10,"column":54}},"7":{"start":{"line":9,"column":13},"end":{"line":9,"column":25}}},"fnMap":{"0":{"name":"(anonymous_1)","decl":{"start":{"line":5,"column":23},"end":{"line":5,"column":24}},"loc":{"start":{"line":5,"column":71},"end":{"line":7,"column":1}}},"1":{"name":"(anonymous_2)","decl":{"start":{"line":9,"column":25},"end":{"line":9,"column":26}},"loc":{"start":{"line":9,"column":56},"end":{"line":11,"column":1}}}},"branchMap":{},"s":{"0":1,"1":1,"2":1,"3":1,"4":1,"5":1,"6":2,"7":1},"f":{"0":1,"1":2},"b":{}}
,"D:\\Code2career-NodeJS-GSG\\GSG-c2c-NodeJS-Tasks\\src\\courses\\course.controller.ts": {"path":"D:\\Code2career-NodeJS-GSG\\GSG-c2c-NodeJS-Tasks\\src\\courses\\course.controller.ts","statementMap":{"0":{"start":{"line":4,"column":0},"end":{"line":4,"column":58}},"1":{"start":{"line":5,"column":0},"end":{"line":5,"column":62}},"2":{"start":{"line":6,"column":0},"end":{"line":6,"column":49}},"3":{"start":{"line":7,"column":0},"end":{"line":7,"column":50}},"4":{"start":{"line":8,"column":0},"end":{"line":8,"column":61}},"5":{"start":{"line":13,"column":6},"end":{"line":21,"column":7}},"6":{"start":{"line":14,"column":28},"end":{"line":14,"column":86}},"7":{"start":{"line":16,"column":23},"end":{"line":16,"column":68}},"8":{"start":{"line":18,"column":8},"end":{"line":18,"column":null}},"9":{"start":{"line":20,"column":8},"end":{"line":20,"column":null}},"10":{"start":{"line":24,"column":22},"end":{"line":24,"column":57}},"11":{"start":{"line":25,"column":6},"end":{"line":25,"column":null}},"12":{"start":{"line":28,"column":23},"end":{"line":28,"column":36}},"13":{"start":{"line":29,"column":5},"end":{"line":31,"column":6}},"14":{"start":{"line":30,"column":8},"end":{"line":30,"column":null}},"15":{"start":{"line":32,"column":20},"end":{"line":32,"column":63}},"16":{"start":{"line":33,"column":6},"end":{"line":33,"column":null}},"17":{"start":{"line":36,"column":23},"end":{"line":36,"column":36}},"18":{"start":{"line":37,"column":7},"end":{"line":39,"column":6}},"19":{"start":{"line":38,"column":8},"end":{"line":38,"column":null}},"20":{"start":{"line":40,"column":25},"end":{"line":40,"column":78}},"21":{"start":{"line":41,"column":6},"end":{"line":41,"column":null}},"22":{"start":{"line":44,"column":22},"end":{"line":44,"column":35}},"23":{"start":{"line":45,"column":5},"end":{"line":47,"column":6}},"24":{"start":{"line":46,"column":9},"end":{"line":46,"column":94}},"25":{"start":{"line":48,"column":6},"end":{"line":48,"column":null}},"26":{"start":{"line":50,"column":5},"end":{"line":50,"column":71}},"27":{"start":{"line":10,"column":0},"end":{"line":10,"column":13}},"28":{"start":{"line":53,"column":13},"end":{"line":53,"column":null}}},"fnMap":{"0":{"name":"(anonymous_0)","decl":{"start":{"line":12,"column":3},"end":{"line":12,"column":8}},"loc":{"start":{"line":12,"column":99},"end":{"line":22,"column":4}}},"1":{"name":"(anonymous_1)","decl":{"start":{"line":23,"column":3},"end":{"line":23,"column":8}},"loc":{"start":{"line":23,"column":49},"end":{"line":26,"column":4}}},"2":{"name":"(anonymous_2)","decl":{"start":{"line":27,"column":3},"end":{"line":27,"column":8}},"loc":{"start":{"line":27,"column":49},"end":{"line":34,"column":4}}},"3":{"name":"(anonymous_3)","decl":{"start":{"line":35,"column":3},"end":{"line":35,"column":8}},"loc":{"start":{"line":35,"column":48},"end":{"line":42,"column":4}}},"4":{"name":"(anonymous_4)","decl":{"start":{"line":43,"column":3},"end":{"line":43,"column":8}},"loc":{"start":{"line":43,"column":48},"end":{"line":51,"column":4}}}},"branchMap":{"0":{"loc":{"start":{"line":29,"column":5},"end":{"line":31,"column":6}},"type":"if","locations":[{"start":{"line":29,"column":5},"end":{"line":31,"column":6}},{"start":{},"end":{}}]},"1":{"loc":{"start":{"line":37,"column":7},"end":{"line":39,"column":6}},"type":"if","locations":[{"start":{"line":37,"column":7},"end":{"line":39,"column":6}},{"start":{},"end":{}}]},"2":{"loc":{"start":{"line":45,"column":5},"end":{"line":47,"column":6}},"type":"if","locations":[{"start":{"line":45,"column":5},"end":{"line":47,"column":6}},{"start":{},"end":{}}]}},"s":{"0":1,"1":1,"2":1,"3":1,"4":1,"5":1,"6":1,"7":1,"8":1,"9":0,"10":0,"11":0,"12":0,"13":0,"14":0,"15":0,"16":0,"17":0,"18":0,"19":0,"20":0,"21":0,"22":0,"23":0,"24":0,"25":0,"26":0,"27":1,"28":1},"f":{"0":1,"1":0,"2":0,"3":0,"4":0},"b":{"0":[0,0],"1":[0,0],"2":[0,0]}}
,"D:\\Code2career-NodeJS-GSG\\GSG-c2c-NodeJS-Tasks\\src\\courses\\course.repository.ts": {"path":"D:\\Code2career-NodeJS-GSG\\GSG-c2c-NodeJS-Tasks\\src\\courses\\course.repository.ts","statementMap":{"0":{"start":{"line":1,"column":0},"end":{"line":1,"column":62}},"1":{"start":{"line":2,"column":0},"end":{"line":2,"column":55}},"2":{"start":{"line":7,"column":8},"end":{"line":7,"column":null}},"3":{"start":{"line":5,"column":0},"end":{"line":5,"column":13}},"4":{"start":{"line":10,"column":13},"end":{"line":10,"column":55}}},"fnMap":{"0":{"name":"(anonymous_0)","decl":{"start":{"line":6,"column":3},"end":{"line":6,"column":null}},"loc":{"start":{"line":6,"column":3},"end":{"line":8,"column":5}}}},"branchMap":{},"s":{"0":1,"1":1,"2":1,"3":1,"4":1},"f":{"0":1},"b":{}}
,"D:\\Code2career-NodeJS-GSG\\GSG-c2c-NodeJS-Tasks\\src\\courses\\course.routes.ts": {"path":"D:\\Code2career-NodeJS-GSG\\GSG-c2c-NodeJS-Tasks\\src\\courses\\course.routes.ts","statementMap":{"0":{"start":{"line":1,"column":0},"end":{"line":1,"column":33}},"1":{"start":{"line":2,"column":0},"end":{"line":2,"column":55}},"2":{"start":{"line":3,"column":0},"end":{"line":3,"column":91}},"3":{"start":{"line":5,"column":13},"end":{"line":5,"column":null}},"4":{"start":{"line":6,"column":3},"end":{"line":6,"column":37}},"5":{"start":{"line":8,"column":3},"end":{"line":8,"column":86}},"6":{"start":{"line":10,"column":3},"end":{"line":10,"column":null}},"7":{"start":{"line":12,"column":3},"end":{"line":12,"column":null}},"8":{"start":{"line":14,"column":3},"end":{"line":14,"column":90}},"9":{"start":{"line":16,"column":3},"end":{"line":16,"column":92}}},"fnMap":{},"branchMap":{},"s":{"0":1,"1":1,"2":1,"3":1,"4":1,"5":1,"6":1,"7":1,"8":1,"9":1},"f":{},"b":{}}
,"D:\\Code2career-NodeJS-GSG\\GSG-c2c-NodeJS-Tasks\\src\\courses\\course.service.ts": {"path":"D:\\Code2career-NodeJS-GSG\\GSG-c2c-NodeJS-Tasks\\src\\courses\\course.service.ts","statementMap":{"0":{"start":{"line":1,"column":0},"end":{"line":1,"column":50}},"1":{"start":{"line":2,"column":0},"end":{"line":2,"column":61}},"2":{"start":{"line":4,"column":0},"end":{"line":4,"column":55}},"3":{"start":{"line":8,"column":27},"end":{"line":8,"column":65}},"4":{"start":{"line":9,"column":8},"end":{"line":9,"column":null}},"5":{"start":{"line":12,"column":24},"end":{"line":12,"column":56}},"6":{"start":{"line":13,"column":8},"end":{"line":13,"column":null}},"7":{"start":{"line":16,"column":23},"end":{"line":16,"column":64}},"8":{"start":{"line":17,"column":8},"end":{"line":19,"column":9}},"9":{"start":{"line":18,"column":12},"end":{"line":18,"column":null}},"10":{"start":{"line":20,"column":8},"end":{"line":20,"column":null}},"11":{"start":{"line":24,"column":31},"end":{"line":24,"column":83}},"12":{"start":{"line":25,"column":16},"end":{"line":27,"column":17}},"13":{"start":{"line":26,"column":19},"end":{"line":26,"column":null}},"14":{"start":{"line":28,"column":16},"end":{"line":28,"column":null}},"15":{"start":{"line":32,"column":26},"end":{"line":32,"column":65}},"16":{"start":{"line":33,"column":8},"end":{"line":35,"column":9}},"17":{"start":{"line":34,"column":12},"end":{"line":34,"column":null}},"18":{"start":{"line":36,"column":8},"end":{"line":36,"column":25}},"19":{"start":{"line":6,"column":0},"end":{"line":6,"column":13}},"20":{"start":{"line":39,"column":13},"end":{"line":39,"column":49}}},"fnMap":{"0":{"name":"(anonymous_0)","decl":{"start":{"line":7,"column":4},"end":{"line":7,"column":9}},"loc":{"start":{"line":7,"column":46},"end":{"line":10,"column":5}}},"1":{"name":"(anonymous_1)","decl":{"start":{"line":11,"column":4},"end":{"line":11,"column":9}},"loc":{"start":{"line":11,"column":23},"end":{"line":14,"column":5}}},"2":{"name":"(anonymous_2)","decl":{"start":{"line":15,"column":4},"end":{"line":15,"column":9}},"loc":{"start":{"line":15,"column":39},"end":{"line":21,"column":5}}},"3":{"name":"(anonymous_3)","decl":{"start":{"line":22,"column":4},"end":{"line":22,"column":9}},"loc":{"start":{"line":22,"column":67},"end":{"line":29,"column":5}}},"4":{"name":"(anonymous_4)","decl":{"start":{"line":31,"column":4},"end":{"line":31,"column":9}},"loc":{"start":{"line":31,"column":38},"end":{"line":37,"column":5}}}},"branchMap":{"0":{"loc":{"start":{"line":17,"column":8},"end":{"line":19,"column":9}},"type":"if","locations":[{"start":{"line":17,"column":8},"end":{"line":19,"column":9}},{"start":{},"end":{}}]},"1":{"loc":{"start":{"line":25,"column":16},"end":{"line":27,"column":17}},"type":"if","locations":[{"start":{"line":25,"column":16},"end":{"line":27,"column":17}},{"start":{},"end":{}}]},"2":{"loc":{"start":{"line":33,"column":8},"end":{"line":35,"column":9}},"type":"if","locations":[{"start":{"line":33,"column":8},"end":{"line":35,"column":9}},{"start":{},"end":{}}]}},"s":{"0":1,"1":1,"2":1,"3":1,"4":1,"5":0,"6":0,"7":0,"8":0,"9":0,"10":0,"11":0,"12":0,"13":0,"14":0,"15":0,"16":0,"17":0,"18":0,"19":1,"20":1},"f":{"0":1,"1":0,"2":0,"3":0,"4":0},"b":{"0":[0,0],"1":[0,0],"2":[0,0]}}
,"D:\\Code2career-NodeJS-GSG\\GSG-c2c-NodeJS-Tasks\\src\\courses\\utils\\course.schema.ts": {"path":"D:\\Code2career-NodeJS-GSG\\GSG-c2c-NodeJS-Tasks\\src\\courses\\utils\\course.schema.ts","statementMap":{"0":{"start":{"line":1,"column":0},"end":{"line":1,"column":33}},"1":{"start":{"line":4,"column":13},"end":{"line":11,"column":null}},"2":{"start":{"line":12,"column":13},"end":{"line":16,"column":null}}},"fnMap":{},"branchMap":{},"s":{"0":1,"1":1,"2":1},"f":{},"b":{}}
,"D:\\Code2career-NodeJS-GSG\\GSG-c2c-NodeJS-Tasks\\src\\seeds\\course.seed.ts": {"path":"D:\\Code2career-NodeJS-GSG\\GSG-c2c-NodeJS-Tasks\\src\\seeds\\course.seed.ts","statementMap":{"0":{"start":{"line":3,"column":0},"end":{"line":3,"column":16}},"1":{"start":{"line":1,"column":0},"end":{"line":1,"column":40}},"2":{"start":{"line":4,"column":4},"end":{"line":11,"column":null}}},"fnMap":{"0":{"name":"createRandomCourses","decl":{"start":{"line":3,"column":16},"end":{"line":3,"column":35}},"loc":{"start":{"line":3,"column":35},"end":{"line":12,"column":1}}}},"branchMap":{},"s":{"0":1,"1":1,"2":6},"f":{"0":6},"b":{}}
,"D:\\Code2career-NodeJS-GSG\\GSG-c2c-NodeJS-Tasks\\src\\shared\\exception.ts": {"path":"D:\\Code2career-NodeJS-GSG\\GSG-c2c-NodeJS-Tasks\\src\\shared\\exception.ts","statementMap":{"0":{"start":{"line":9,"column":8},"end":{"line":9,"column":null}},"1":{"start":{"line":7,"column":15},"end":{"line":7,"column":40}},"2":{"start":{"line":8,"column":15},"end":{"line":8,"column":41}},"3":{"start":{"line":4,"column":0},"end":{"line":4,"column":13}},"4":{"start":{"line":13,"column":27},"end":{"line":21,"column":1}},"5":{"start":{"line":14,"column":3},"end":{"line":18,"column":4}},"6":{"start":{"line":15,"column":6},"end":{"line":15,"column":44}},"7":{"start":{"line":16,"column":6},"end":{"line":16,"column":55}},"8":{"start":{"line":17,"column":6},"end":{"line":17,"column":12}},"9":{"start":{"line":19,"column":3},"end":{"line":19,"column":null}},"10":{"start":{"line":20,"column":3},"end":{"line":20,"column":null}},"11":{"start":{"line":13,"column":13},"end":{"line":13,"column":27}}},"fnMap":{"0":{"name":"(anonymous_0)","decl":{"start":{"line":5,"column":4},"end":{"line":5,"column":null}},"loc":{"start":{"line":8,"column":41},"end":{"line":10,"column":5}}},"1":{"name":"(anonymous_1)","decl":{"start":{"line":13,"column":27},"end":{"line":13,"column":28}},"loc":{"start":{"line":13,"column":59},"end":{"line":21,"column":1}}}},"branchMap":{"0":{"loc":{"start":{"line":14,"column":3},"end":{"line":18,"column":4}},"type":"if","locations":[{"start":{"line":14,"column":3},"end":{"line":18,"column":4}},{"start":{},"end":{}}]}},"s":{"0":2,"1":2,"2":2,"3":1,"4":1,"5":1,"6":1,"7":1,"8":1,"9":0,"10":0,"11":1},"f":{"0":2,"1":1},"b":{"0":[1,0]}}
,"D:\\Code2career-NodeJS-GSG\\GSG-c2c-NodeJS-Tasks\\src\\shared\\generic-repository.ts": {"path":"D:\\Code2career-NodeJS-GSG\\GSG-c2c-NodeJS-Tasks\\src\\shared\\generic-repository.ts","statementMap":{"0":{"start":{"line":18,"column":26},"end":{"line":18,"column":36}},"1":{"start":{"line":21,"column":8},"end":{"line":21,"column":26}},"2":{"start":{"line":25,"column":8},"end":{"line":25,"column":63}},"3":{"start":{"line":25,"column":39},"end":{"line":25,"column":53}},"4":{"start":{"line":29,"column":24},"end":{"line":34,"column":20}},"5":{"start":{"line":35,"column":8},"end":{"line":35,"column":33}},"6":{"start":{"line":36,"column":8},"end":{"line":36,"column":23}},"7":{"start":{"line":40,"column":22},"end":{"line":40,"column":66}},"8":{"start":{"line":40,"column":51},"end":{"line":40,"column":65}},"9":{"start":{"line":41,"column":8},"end":{"line":43,"column":9}},"10":{"start":{"line":42,"column":12},"end":{"line":42,"column":46}},"11":{"start":{"line":44,"column":8},"end":{"line":44,"column":70}},"12":{"start":{"line":45,"column":8},"end":{"line":45,"column":33}},"13":{"start":{"line":49,"column":30},"end":{"line":49,"column":47}},"14":{"start":{"line":50,"column":8},"end":{"line":50,"column":63}},"15":{"start":{"line":50,"column":47},"end":{"line":50,"column":61}},"16":{"start":{"line":51,"column":8},"end":{"line":51,"column":49}},"17":{"start":{"line":17,"column":0},"end":{"line":17,"column":13}}},"fnMap":{"0":{"name":"(anonymous_0)","decl":{"start":{"line":18,"column":4},"end":{"line":18,"column":26}},"loc":{"start":{"line":18,"column":36},"end":{"line":18,"column":40}}},"1":{"name":"(anonymous_1)","decl":{"start":{"line":20,"column":4},"end":{"line":20,"column":9}},"loc":{"start":{"line":20,"column":17},"end":{"line":22,"column":5}}},"2":{"name":"(anonymous_2)","decl":{"start":{"line":24,"column":4},"end":{"line":24,"column":9}},"loc":{"start":{"line":24,"column":29},"end":{"line":26,"column":5}}},"3":{"name":"(anonymous_3)","decl":{"start":{"line":25,"column":31},"end":{"line":25,"column":35}},"loc":{"start":{"line":25,"column":39},"end":{"line":25,"column":53}}},"4":{"name":"(anonymous_4)","decl":{"start":{"line":28,"column":4},"end":{"line":28,"column":9}},"loc":{"start":{"line":28,"column":67},"end":{"line":37,"column":5}}},"5":{"name":"(anonymous_5)","decl":{"start":{"line":39,"column":4},"end":{"line":39,"column":9}},"loc":{"start":{"line":39,"column":48},"end":{"line":46,"column":5}}},"6":{"name":"(anonymous_6)","decl":{"start":{"line":40,"column":43},"end":{"line":40,"column":47}},"loc":{"start":{"line":40,"column":51},"end":{"line":40,"column":65}}},"7":{"name":"(anonymous_7)","decl":{"start":{"line":48,"column":4},"end":{"line":48,"column":9}},"loc":{"start":{"line":48,"column":27},"end":{"line":52,"column":5}}},"8":{"name":"(anonymous_8)","decl":{"start":{"line":50,"column":39},"end":{"line":50,"column":43}},"loc":{"start":{"line":50,"column":47},"end":{"line":50,"column":61}}}},"branchMap":{"0":{"loc":{"start":{"line":25,"column":15},"end":{"line":25,"column":62}},"type":"binary-expr","locations":[{"start":{"line":25,"column":15},"end":{"line":25,"column":54}},{"start":{"line":25,"column":58},"end":{"line":25,"column":62}}]},"1":{"loc":{"start":{"line":41,"column":8},"end":{"line":43,"column":9}},"type":"if","locations":[{"start":{"line":41,"column":8},"end":{"line":43,"column":9}},{"start":{},"end":{}}]}},"s":{"0":2,"1":0,"2":2,"3":1,"4":1,"5":1,"6":1,"7":0,"8":0,"9":0,"10":0,"11":0,"12":0,"13":0,"14":0,"15":0,"16":0,"17":1},"f":{"0":2,"1":0,"2":2,"3":1,"4":1,"5":0,"6":0,"7":0,"8":0},"b":{"0":[2,1],"1":[0,0]}}
,"D:\\Code2career-NodeJS-GSG\\GSG-c2c-NodeJS-Tasks\\src\\shared\\middleware\\auth.middleware.ts": {"path":"D:\\Code2career-NodeJS-GSG\\GSG-c2c-NodeJS-Tasks\\src\\shared\\middleware\\auth.middleware.ts","statementMap":{"0":{"start":{"line":2,"column":0},"end":{"line":2,"column":55}},"1":{"start":{"line":3,"column":0},"end":{"line":3,"column":43}},"2":{"start":{"line":4,"column":0},"end":{"line":4,"column":61}},"3":{"start":{"line":6,"column":0},"end":{"line":6,"column":54}},"4":{"start":{"line":8,"column":31},"end":{"line":43,"column":1}},"5":{"start":{"line":13,"column":23},"end":{"line":13,"column":48}},"6":{"start":{"line":14,"column":4},"end":{"line":35,"column":5}},"7":{"start":{"line":15,"column":8},"end":{"line":34,"column":9}},"8":{"start":{"line":16,"column":24},"end":{"line":16,"column":56}},"9":{"start":{"line":17,"column":46},"end":{"line":17,"column":60}},"10":{"start":{"line":18,"column":12},"end":{"line":20,"column":13}},"11":{"start":{"line":19,"column":16},"end":{"line":19,"column":null}},"12":{"start":{"line":21,"column":12},"end":{"line":23,"column":13}},"13":{"start":{"line":22,"column":14},"end":{"line":22,"column":99}},"14":{"start":{"line":25,"column":25},"end":{"line":25,"column":67}},"15":{"start":{"line":26,"column":12},"end":{"line":28,"column":13}},"16":{"start":{"line":27,"column":16},"end":{"line":27,"column":null}},"17":{"start":{"line":29,"column":12},"end":{"line":29,"column":27}},"18":{"start":{"line":30,"column":12},"end":{"line":30,"column":null}},"19":{"start":{"line":31,"column":12},"end":{"line":31,"column":18}},"20":{"start":{"line":33,"column":12},"end":{"line":33,"column":null}},"21":{"start":{"line":36,"column":4},"end":{"line":42,"column":null}},"22":{"start":{"line":8,"column":13},"end":{"line":8,"column":31}},"23":{"start":{"line":45,"column":34},"end":{"line":55,"column":1}},"24":{"start":{"line":46,"column":2},"end":{"line":54,"column":null}},"25":{"start":{"line":47,"column":22},"end":{"line":47,"column":36}},"26":{"start":{"line":48,"column":23},"end":{"line":48,"column":41}},"27":{"start":{"line":50,"column":2},"end":{"line":52,"column":3}},"28":{"start":{"line":51,"column":4},"end":{"line":51,"column":109}},"29":{"start":{"line":53,"column":2},"end":{"line":53,"column":null}},"30":{"start":{"line":45,"column":13},"end":{"line":45,"column":34}},"31":{"start":{"line":57,"column":28},"end":{"line":65,"column":1}},"32":{"start":{"line":58,"column":2},"end":{"line":64,"column":4}},"33":{"start":{"line":59,"column":22},"end":{"line":59,"column":36}},"34":{"start":{"line":60,"column":4},"end":{"line":62,"column":5}},"35":{"start":{"line":61,"column":7},"end":{"line":61,"column":97}},"36":{"start":{"line":63,"column":4},"end":{"line":63,"column":11}},"37":{"start":{"line":57,"column":13},"end":{"line":57,"column":28}}},"fnMap":{"0":{"name":"(anonymous_0)","decl":{"start":{"line":8,"column":31},"end":{"line":8,"column":36}},"loc":{"start":{"line":11,"column":25},"end":{"line":43,"column":1}}},"1":{"name":"(anonymous_1)","decl":{"start":{"line":45,"column":34},"end":{"line":45,"column":37}},"loc":{"start":{"line":45,"column":39},"end":{"line":55,"column":1}}},"2":{"name":"(anonymous_2)","decl":{"start":{"line":46,"column":9},"end":{"line":46,"column":10}},"loc":{"start":{"line":46,"column":61},"end":{"line":54,"column":3}}},"3":{"name":"(anonymous_3)","decl":{"start":{"line":57,"column":28},"end":{"line":57,"column":29}},"loc":{"start":{"line":57,"column":48},"end":{"line":65,"column":1}}},"4":{"name":"(anonymous_4)","decl":{"start":{"line":58,"column":9},"end":{"line":58,"column":10}},"loc":{"start":{"line":58,"column":61},"end":{"line":64,"column":3}}}},"branchMap":{"0":{"loc":{"start":{"line":14,"column":4},"end":{"line":35,"column":5}},"type":"if","locations":[{"start":{"line":14,"column":4},"end":{"line":35,"column":5}},{"start":{},"end":{}}]},"1":{"loc":{"start":{"line":18,"column":12},"end":{"line":20,"column":13}},"type":"if","locations":[{"start":{"line":18,"column":12},"end":{"line":20,"column":13}},{"start":{},"end":{}}]},"2":{"loc":{"start":{"line":21,"column":12},"end":{"line":23,"column":13}},"type":"if","locations":[{"start":{"line":21,"column":12},"end":{"line":23,"column":13}},{"start":{},"end":{}}]},"3":{"loc":{"start":{"line":26,"column":12},"end":{"line":28,"column":13}},"type":"if","locations":[{"start":{"line":26,"column":12},"end":{"line":28,"column":13}},{"start":{},"end":{}}]},"4":{"loc":{"start":{"line":50,"column":2},"end":{"line":52,"column":3}},"type":"if","locations":[{"start":{"line":50,"column":2},"end":{"line":52,"column":3}},{"start":{},"end":{}}]},"5":{"loc":{"start":{"line":50,"column":6},"end":{"line":50,"column":53}},"type":"binary-expr","locations":[{"start":{"line":50,"column":6},"end":{"line":50,"column":16}},{"start":{"line":50,"column":20},"end":{"line":50,"column":53}}]},"6":{"loc":{"start":{"line":60,"column":4},"end":{"line":62,"column":5}},"type":"if","locations":[{"start":{"line":60,"column":4},"end":{"line":62,"column":5}},{"start":{},"end":{}}]},"7":{"loc":{"start":{"line":60,"column":8},"end":{"line":60,"column":48}},"type":"binary-expr","locations":[{"start":{"line":60,"column":8},"end":{"line":60,"column":18}},{"start":{"line":60,"column":22},"end":{"line":60,"column":48}}]}},"s":{"0":1,"1":1,"2":1,"3":1,"4":1,"5":2,"6":2,"7":2,"8":2,"9":2,"10":2,"11":0,"12":2,"13":0,"14":2,"15":2,"16":1,"17":1,"18":1,"19":1,"20":1,"21":1,"22":1,"23":1,"24":3,"25":1,"26":1,"27":1,"28":0,"29":1,"30":1,"31":1,"32":1,"33":0,"34":0,"35":0,"36":0,"37":1},"f":{"0":2,"1":3,"2":1,"3":1,"4":0},"b":{"0":[2,0],"1":[0,2],"2":[0,2],"3":[1,1],"4":[0,1],"5":[1,1],"6":[0,0],"7":[0,0]}}
,"D:\\Code2career-NodeJS-GSG\\GSG-c2c-NodeJS-Tasks\\src\\shared\\middleware\\response.middleware.ts": {"path":"D:\\Code2career-NodeJS-GSG\\GSG-c2c-NodeJS-Tasks\\src\\shared\\middleware\\response.middleware.ts","statementMap":{"0":{"start":{"line":16,"column":47},"end":{"line":27,"column":1}},"1":{"start":{"line":17,"column":4},"end":{"line":17,"column":null}},"2":{"start":{"line":17,"column":23},"end":{"line":17,"column":90}},"3":{"start":{"line":19,"column":4},"end":{"line":21,"column":null}},"4":{"start":{"line":19,"column":27},"end":{"line":21,"column":6}},"5":{"start":{"line":23,"column":4},"end":{"line":25,"column":null}},"6":{"start":{"line":23,"column":25},"end":{"line":25,"column":37}},"7":{"start":{"line":26,"column":4},"end":{"line":26,"column":null}},"8":{"start":{"line":16,"column":13},"end":{"line":16,"column":47}},"9":{"start":{"line":28,"column":31},"end":{"line":28,"column":62}},"10":{"start":{"line":28,"column":59},"end":{"line":28,"column":62}}},"fnMap":{"0":{"name":"(anonymous_0)","decl":{"start":{"line":16,"column":47},"end":{"line":16,"column":48}},"loc":{"start":{"line":16,"column":68},"end":{"line":27,"column":1}}},"1":{"name":"(anonymous_1)","decl":{"start":{"line":17,"column":13},"end":{"line":17,"column":14}},"loc":{"start":{"line":17,"column":23},"end":{"line":17,"column":90}}},"2":{"name":"(anonymous_2)","decl":{"start":{"line":19,"column":17},"end":{"line":19,"column":18}},"loc":{"start":{"line":19,"column":27},"end":{"line":21,"column":6}}},"3":{"name":"(anonymous_3)","decl":{"start":{"line":23,"column":16},"end":{"line":23,"column":17}},"loc":{"start":{"line":23,"column":25},"end":{"line":25,"column":37}}},"4":{"name":"(anonymous_4)","decl":{"start":{"line":28,"column":31},"end":{"line":28,"column":32}},"loc":{"start":{"line":28,"column":59},"end":{"line":28,"column":62}}}},"branchMap":{},"s":{"0":1,"1":2,"2":0,"3":2,"4":1,"5":2,"6":0,"7":2,"8":1,"9":1,"10":1},"f":{"0":2,"1":0,"2":1,"3":0,"4":1},"b":{}}
,"D:\\Code2career-NodeJS-GSG\\GSG-c2c-NodeJS-Tasks\\src\\shared\\utils\\initail-date.ts": {"path":"D:\\Code2career-NodeJS-GSG\\GSG-c2c-NodeJS-Tasks\\src\\shared\\utils\\initail-date.ts","statementMap":{"0":{"start":{"line":1,"column":0},"end":{"line":1,"column":40}},"1":{"start":{"line":2,"column":0},"end":{"line":2,"column":63}},"2":{"start":{"line":4,"column":0},"end":{"line":4,"column":62}},"3":{"start":{"line":5,"column":0},"end":{"line":5,"column":58}},"4":{"start":{"line":7,"column":13},"end":{"line":7,"column":31}},"5":{"start":{"line":9,"column":25},"end":{"line":19,"column":2}},"6":{"start":{"line":10,"column":3},"end":{"line":18,"column":null}},"7":{"start":{"line":9,"column":13},"end":{"line":9,"column":25}},"8":{"start":{"line":20,"column":14},"end":{"line":20,"column":89}}},"fnMap":{"0":{"name":"(anonymous_0)","decl":{"start":{"line":9,"column":25},"end":{"line":9,"column":30}},"loc":{"start":{"line":9,"column":36},"end":{"line":19,"column":2}}}},"branchMap":{},"s":{"0":1,"1":1,"2":1,"3":1,"4":1,"5":1,"6":1,"7":1,"8":1},"f":{"0":1},"b":{}}
,"D:\\Code2career-NodeJS-GSG\\GSG-c2c-NodeJS-Tasks\\src\\shared\\utils\\object.utils.ts": {"path":"D:\\Code2career-NodeJS-GSG\\GSG-c2c-NodeJS-Tasks\\src\\shared\\utils\\object.utils.ts","statementMap":{"0":{"start":{"line":8,"column":0},"end":{"line":8,"column":16}},"1":{"start":{"line":22,"column":0},"end":{"line":22,"column":16}},"2":{"start":{"line":30,"column":0},"end":{"line":30,"column":16}},"3":{"start":{"line":41,"column":0},"end":{"line":41,"column":16}},"4":{"start":{"line":60,"column":0},"end":{"line":60,"column":16}},"5":{"start":{"line":64,"column":0},"end":{"line":64,"column":16}},"6":{"start":{"line":68,"column":0},"end":{"line":68,"column":16}},"7":{"start":{"line":72,"column":0},"end":{"line":72,"column":16}},"8":{"start":{"line":120,"column":0},"end":{"line":120,"column":16}},"9":{"start":{"line":1,"column":0},"end":{"line":1,"column":41}},"10":{"start":{"line":5,"column":32},"end":{"line":6,"column":66}},"11":{"start":{"line":6,"column":2},"end":{"line":6,"column":66}},"12":{"start":{"line":6,"column":23},"end":{"line":6,"column":58}},"13":{"start":{"line":5,"column":13},"end":{"line":5,"column":32}},"14":{"start":{"line":12,"column":32},"end":{"line":12,"column":48}},"15":{"start":{"line":13,"column":2},"end":{"line":18,"column":3}},"16":{"start":{"line":15,"column":4},"end":{"line":17,"column":5}},"17":{"start":{"line":16,"column":6},"end":{"line":16,"column":32}},"18":{"start":{"line":19,"column":2},"end":{"line":19,"column":19}},"19":{"start":{"line":23,"column":2},"end":{"line":27,"column":18}},"20":{"start":{"line":25,"column":21},"end":{"line":25,"column":58}},"21":{"start":{"line":34,"column":34},"end":{"line":34,"column":54}},"22":{"start":{"line":35,"column":2},"end":{"line":37,"column":3}},"23":{"start":{"line":36,"column":4},"end":{"line":36,"column":28}},"24":{"start":{"line":38,"column":2},"end":{"line":38,"column":35}},"25":{"start":{"line":47,"column":21},"end":{"line":49,"column":29}},"26":{"start":{"line":52,"column":2},"end":{"line":54,"column":3}},"27":{"start":{"line":53,"column":4},"end":{"line":53,"column":31}},"28":{"start":{"line":57,"column":2},"end":{"line":57,"column":15}},"29":{"start":{"line":61,"column":2},"end":{"line":61,"column":58}},"30":{"start":{"line":61,"column":37},"end":{"line":61,"column":53}},"31":{"start":{"line":65,"column":2},"end":{"line":65,"column":50}},"32":{"start":{"line":69,"column":2},"end":{"line":69,"column":54}},"33":{"start":{"line":69,"column":31},"end":{"line":69,"column":52}},"34":{"start":{"line":73,"column":2},"end":{"line":75,"column":3}},"35":{"start":{"line":74,"column":4},"end":{"line":74,"column":51}},"36":{"start":{"line":77,"column":24},"end":{"line":77,"column":26}},"37":{"start":{"line":78,"column":2},"end":{"line":80,"column":3}},"38":{"start":{"line":78,"column":15},"end":{"line":78,"column":16}},"39":{"start":{"line":79,"column":4},"end":{"line":79,"column":42}},"40":{"start":{"line":81,"column":2},"end":{"line":81,"column":16}},"41":{"start":{"line":87,"column":2},"end":{"line":99,"column":3}},"42":{"start":{"line":88,"column":24},"end":{"line":88,"column":49}},"43":{"start":{"line":91,"column":4},"end":{"line":93,"column":5}},"44":{"start":{"line":91,"column":36},"end":{"line":91,"column":53}},"45":{"start":{"line":92,"column":6},"end":{"line":92,"column":59}},"46":{"start":{"line":96,"column":4},"end":{"line":98,"column":11}},"47":{"start":{"line":97,"column":6},"end":{"line":97,"column":56}},"48":{"start":{"line":101,"column":2},"end":{"line":107,"column":3}},"49":{"start":{"line":102,"column":19},"end":{"line":102,"column":49}},"50":{"start":{"line":103,"column":4},"end":{"line":105,"column":5}},"51":{"start":{"line":104,"column":6},"end":{"line":104,"column":47}},"52":{"start":{"line":106,"column":4},"end":{"line":106,"column":18}},"53":{"start":{"line":109,"column":2},"end":{"line":109,"column":15}},"54":{"start":{"line":113,"column":2},"end":{"line":113,"column":53}},"55":{"start":{"line":117,"column":2},"end":{"line":117,"column":78}},"56":{"start":{"line":121,"column":2},"end":{"line":121,"column":65}}},"fnMap":{"0":{"name":"(anonymous_0)","decl":{"start":{"line":5,"column":32},"end":{"line":5,"column":36}},"loc":{"start":{"line":6,"column":2},"end":{"line":6,"column":66}}},"1":{"name":"(anonymous_1)","decl":{"start":{"line":6,"column":13},"end":{"line":6,"column":14}},"loc":{"start":{"line":6,"column":23},"end":{"line":6,"column":58}}},"2":{"name":"extractFields","decl":{"start":{"line":8,"column":16},"end":{"line":8,"column":29}},"loc":{"start":{"line":10,"column":11},"end":{"line":20,"column":1}}},"3":{"name":"cleanObject","decl":{"start":{"line":22,"column":16},"end":{"line":22,"column":27}},"loc":{"start":{"line":22,"column":52},"end":{"line":28,"column":1}}},"4":{"name":"(anonymous_4)","decl":{"start":{"line":25,"column":6},"end":{"line":25,"column":7}},"loc":{"start":{"line":25,"column":21},"end":{"line":25,"column":58}}},"5":{"name":"removeFields","decl":{"start":{"line":30,"column":16},"end":{"line":30,"column":28}},"loc":{"start":{"line":32,"column":11},"end":{"line":39,"column":1}}},"6":{"name":"addArrayItemIfNotIncluded","decl":{"start":{"line":41,"column":16},"end":{"line":41,"column":41}},"loc":{"start":{"line":44,"column":42},"end":{"line":58,"column":1}}},"7":{"name":"sumOfArrayLengths","decl":{"start":{"line":60,"column":16},"end":{"line":60,"column":33}},"loc":{"start":{"line":60,"column":56},"end":{"line":62,"column":1}}},"8":{"name":"(anonymous_8)","decl":{"start":{"line":61,"column":23},"end":{"line":61,"column":24}},"loc":{"start":{"line":61,"column":37},"end":{"line":61,"column":53}}},"9":{"name":"isArrayWithLength","decl":{"start":{"line":64,"column":16},"end":{"line":64,"column":33}},"loc":{"start":{"line":64,"column":51},"end":{"line":66,"column":1}}},"10":{"name":"arrayHasMatches","decl":{"start":{"line":68,"column":16},"end":{"line":68,"column":31}},"loc":{"start":{"line":68,"column":66},"end":{"line":70,"column":1}}},"11":{"name":"(anonymous_11)","decl":{"start":{"line":69,"column":21},"end":{"line":69,"column":22}},"loc":{"start":{"line":69,"column":31},"end":{"line":69,"column":52}}},"12":{"name":"chunkArray","decl":{"start":{"line":72,"column":16},"end":{"line":72,"column":26}},"loc":{"start":{"line":72,"column":54},"end":{"line":82,"column":1}}},"13":{"name":"sortArraysDeep","decl":{"start":{"line":86,"column":9},"end":{"line":86,"column":23}},"loc":{"start":{"line":86,"column":35},"end":{"line":110,"column":1}}},"14":{"name":"(anonymous_14)","decl":{"start":{"line":91,"column":26},"end":{"line":91,"column":27}},"loc":{"start":{"line":91,"column":36},"end":{"line":91,"column":53}}},"15":{"name":"(anonymous_15)","decl":{"start":{"line":96,"column":47},"end":{"line":96,"column":48}},"loc":{"start":{"line":97,"column":6},"end":{"line":97,"column":56}}},"16":{"name":"isPrimitive","decl":{"start":{"line":112,"column":9},"end":{"line":112,"column":20}},"loc":{"start":{"line":112,"column":35},"end":{"line":114,"column":1}}},"17":{"name":"isObject","decl":{"start":{"line":116,"column":9},"end":{"line":116,"column":17}},"loc":{"start":{"line":116,"column":29},"end":{"line":118,"column":1}}},"18":{"name":"isEqualIgnoringArrayOrder","decl":{"start":{"line":120,"column":16},"end":{"line":120,"column":41}},"loc":{"start":{"line":120,"column":55},"end":{"line":122,"column":1}}}},"branchMap":{"0":{"loc":{"start":{"line":6,"column":23},"end":{"line":6,"column":58}},"type":"binary-expr","locations":[{"start":{"line":6,"column":23},"end":{"line":6,"column":36}},{"start":{"line":6,"column":40},"end":{"line":6,"column":58}}]},"1":{"loc":{"start":{"line":15,"column":4},"end":{"line":17,"column":5}},"type":"if","locations":[{"start":{"line":15,"column":4},"end":{"line":17,"column":5}},{"start":{},"end":{}}]},"2":{"loc":{"start":{"line":25,"column":21},"end":{"line":25,"column":58}},"type":"binary-expr","locations":[{"start":{"line":25,"column":21},"end":{"line":25,"column":40}},{"start":{"line":25,"column":44},"end":{"line":25,"column":58}}]},"3":{"loc":{"start":{"line":47,"column":21},"end":{"line":49,"column":29}},"type":"cond-expr","locations":[{"start":{"line":48,"column":6},"end":{"line":48,"column":38}},{"start":{"line":49,"column":6},"end":{"line":49,"column":29}}]},"4":{"loc":{"start":{"line":52,"column":2},"end":{"line":54,"column":3}},"type":"if","locations":[{"start":{"line":52,"column":2},"end":{"line":54,"column":3}},{"start":{},"end":{}}]},"5":{"loc":{"start":{"line":65,"column":9},"end":{"line":65,"column":49}},"type":"binary-expr","locations":[{"start":{"line":65,"column":9},"end":{"line":65,"column":29}},{"start":{"line":65,"column":33},"end":{"line":65,"column":49}}]},"6":{"loc":{"start":{"line":73,"column":2},"end":{"line":75,"column":3}},"type":"if","locations":[{"start":{"line":73,"column":2},"end":{"line":75,"column":3}},{"start":{},"end":{}}]},"7":{"loc":{"start":{"line":87,"column":2},"end":{"line":99,"column":3}},"type":"if","locations":[{"start":{"line":87,"column":2},"end":{"line":99,"column":3}},{"start":{},"end":{}}]},"8":{"loc":{"start":{"line":91,"column":4},"end":{"line":93,"column":5}},"type":"if","locations":[{"start":{"line":91,"column":4},"end":{"line":93,"column":5}},{"start":{},"end":{}}]},"9":{"loc":{"start":{"line":101,"column":2},"end":{"line":107,"column":3}},"type":"if","locations":[{"start":{"line":101,"column":2},"end":{"line":107,"column":3}},{"start":{},"end":{}}]},"10":{"loc":{"start":{"line":113,"column":9},"end":{"line":113,"column":52}},"type":"binary-expr","locations":[{"start":{"line":113,"column":9},"end":{"line":113,"column":34}},{"start":{"line":113,"column":38},"end":{"line":113,"column":52}}]},"11":{"loc":{"start":{"line":117,"column":9},"end":{"line":117,"column":77}},"type":"binary-expr","locations":[{"start":{"line":117,"column":9},"end":{"line":117,"column":34}},{"start":{"line":117,"column":38},"end":{"line":117,"column":52}},{"start":{"line":117,"column":56},"end":{"line":117,"column":77}}]}},"s":{"0":1,"1":1,"2":1,"3":1,"4":1,"5":1,"6":1,"7":1,"8":1,"9":1,"10":1,"11":0,"12":0,"13":1,"14":1,"15":1,"16":3,"17":3,"18":1,"19":0,"20":0,"21":0,"22":0,"23":0,"24":0,"25":0,"26":0,"27":0,"28":0,"29":0,"30":0,"31":0,"32":0,"33":0,"34":0,"35":0,"36":0,"37":0,"38":0,"39":0,"40":0,"41":0,"42":0,"43":0,"44":0,"45":0,"46":0,"47":0,"48":0,"49":0,"50":0,"51":0,"52":0,"53":0,"54":0,"55":0,"56":0},"f":{"0":0,"1":0,"2":1,"3":0,"4":0,"5":0,"6":0,"7":0,"8":0,"9":0,"10":0,"11":0,"12":0,"13":0,"14":0,"15":0,"16":0,"17":0,"18":0},"b":{"0":[0,0],"1":[3,0],"2":[0,0],"3":[0,0],"4":[0,0],"5":[0,0],"6":[0,0],"7":[0,0],"8":[0,0],"9":[0,0],"10":[0,0],"11":[0,0,0]}}
,"D:\\Code2career-NodeJS-GSG\\GSG-c2c-NodeJS-Tasks\\src\\shared\\utils\\util.types.ts": {"path":"D:\\Code2career-NodeJS-GSG\\GSG-c2c-NodeJS-Tasks\\src\\shared\\utils\\util.types.ts","statementMap":{"0":{"start":{"line":8,"column":13},"end":{"line":16,"column":11}}},"fnMap":{},"branchMap":{},"s":{"0":1},"f":{},"b":{}}
,"D:\\Code2career-NodeJS-GSG\\GSG-c2c-NodeJS-Tasks\\src\\shared\\utils\\zod.utils.ts": {"path":"D:\\Code2career-NodeJS-GSG\\GSG-c2c-NodeJS-Tasks\\src\\shared\\utils\\zod.utils.ts","statementMap":{"0":{"start":{"line":1,"column":0},"end":{"line":1,"column":40}},"1":{"start":{"line":3,"column":0},"end":{"line":3,"column":43}},"2":{"start":{"line":4,"column":0},"end":{"line":4,"column":47}},"3":{"start":{"line":6,"column":29},"end":{"line":18,"column":1}},"4":{"start":{"line":7,"column":5},"end":{"line":17,"column":6}},"5":{"start":{"line":9,"column":25},"end":{"line":9,"column":46}},"6":{"start":{"line":11,"column":8},"end":{"line":11,"column":null}},"7":{"start":{"line":13,"column":8},"end":{"line":15,"column":9}},"8":{"start":{"line":14,"column":12},"end":{"line":14,"column":null}},"9":{"start":{"line":16,"column":8},"end":{"line":16,"column":null}},"10":{"start":{"line":6,"column":13},"end":{"line":6,"column":29}}},"fnMap":{"0":{"name":"(anonymous_0)","decl":{"start":{"line":6,"column":29},"end":{"line":6,"column":33}},"loc":{"start":{"line":6,"column":94},"end":{"line":18,"column":1}}}},"branchMap":{"0":{"loc":{"start":{"line":13,"column":8},"end":{"line":15,"column":9}},"type":"if","locations":[{"start":{"line":13,"column":8},"end":{"line":15,"column":9}},{"start":{},"end":{}}]}},"s":{"0":1,"1":1,"2":1,"3":1,"4":1,"5":1,"6":1,"7":0,"8":0,"9":0,"10":1},"f":{"0":1},"b":{"0":[0,0]}}
,"D:\\Code2career-NodeJS-GSG\\GSG-c2c-NodeJS-Tasks\\src\\users\\user.controller.ts": {"path":"D:\\Code2career-NodeJS-GSG\\GSG-c2c-NodeJS-Tasks\\src\\users\\user.controller.ts","statementMap":{"0":{"start":{"line":2,"column":0},"end":{"line":2,"column":50}},"1":{"start":{"line":3,"column":0},"end":{"line":3,"column":45}},"2":{"start":{"line":5,"column":0},"end":{"line":5,"column":58}},"3":{"start":{"line":6,"column":0},"end":{"line":6,"column":58}},"4":{"start":{"line":7,"column":0},"end":{"line":7,"column":61}},"5":{"start":{"line":12,"column":21},"end":{"line":12,"column":67}},"6":{"start":{"line":13,"column":8},"end":{"line":13,"column":null}},"7":{"start":{"line":18,"column":19},"end":{"line":18,"column":31}},"8":{"start":{"line":19,"column":4},"end":{"line":21,"column":5}},"9":{"start":{"line":20,"column":6},"end":{"line":20,"column":99}},"10":{"start":{"line":23,"column":17},"end":{"line":26,"column":6}},"11":{"start":{"line":27,"column":4},"end":{"line":27,"column":null}},"12":{"start":{"line":31,"column":9},"end":{"line":39,"column":11}},"13":{"start":{"line":32,"column":32},"end":{"line":32,"column":87}},"14":{"start":{"line":34,"column":25},"end":{"line":34,"column":67}},"15":{"start":{"line":35,"column":12},"end":{"line":35,"column":27}},"16":{"start":{"line":38,"column":12},"end":{"line":38,"column":null}},"17":{"start":{"line":9,"column":0},"end":{"line":9,"column":13}},"18":{"start":{"line":42,"column":13},"end":{"line":42,"column":52}}},"fnMap":{"0":{"name":"(anonymous_0)","decl":{"start":{"line":11,"column":4},"end":{"line":11,"column":9}},"loc":{"start":{"line":11,"column":71},"end":{"line":14,"column":5}}},"1":{"name":"(anonymous_1)","decl":{"start":{"line":16,"column":4},"end":{"line":16,"column":9}},"loc":{"start":{"line":16,"column":92},"end":{"line":28,"column":5}}},"2":{"name":"(anonymous_2)","decl":{"start":{"line":30,"column":4},"end":{"line":30,"column":9}},"loc":{"start":{"line":30,"column":114},"end":{"line":40,"column":8}}}},"branchMap":{"0":{"loc":{"start":{"line":19,"column":4},"end":{"line":21,"column":5}},"type":"if","locations":[{"start":{"line":19,"column":4},"end":{"line":21,"column":5}},{"start":{},"end":{}}]}},"s":{"0":1,"1":1,"2":1,"3":1,"4":1,"5":0,"6":0,"7":0,"8":0,"9":0,"10":0,"11":0,"12":0,"13":0,"14":0,"15":0,"16":0,"17":1,"18":1},"f":{"0":0,"1":0,"2":0},"b":{"0":[0,0]}}
,"D:\\Code2career-NodeJS-GSG\\GSG-c2c-NodeJS-Tasks\\src\\users\\user.entity.ts": {"path":"D:\\Code2career-NodeJS-GSG\\GSG-c2c-NodeJS-Tasks\\src\\users\\user.entity.ts","statementMap":{"0":{"start":{"line":1,"column":0},"end":{"line":1,"column":null}},"1":{"start":{"line":2,"column":2},"end":{"line":2,"column":null}},"2":{"start":{"line":3,"column":2},"end":{"line":3,"column":null}},"3":{"start":{"line":4,"column":2},"end":{"line":4,"column":null}}},"fnMap":{"0":{"name":"(anonymous_0)","decl":{"start":{"line":1,"column":0},"end":{"line":1,"column":12}},"loc":{"start":{"line":1,"column":16},"end":{"line":5,"column":1}}}},"branchMap":{"0":{"loc":{"start":{"line":1,"column":12},"end":{"line":1,"column":null}},"type":"binary-expr","locations":[{"start":{"line":1,"column":12},"end":{"line":1,"column":16}},{"start":{"line":1,"column":16},"end":{"line":1,"column":null}}]}},"s":{"0":1,"1":1,"2":1,"3":1},"f":{"0":1},"b":{"0":[1,1]}}
,"D:\\Code2career-NodeJS-GSG\\GSG-c2c-NodeJS-Tasks\\src\\users\\user.repository.ts": {"path":"D:\\Code2career-NodeJS-GSG\\GSG-c2c-NodeJS-Tasks\\src\\users\\user.repository.ts","statementMap":{"0":{"start":{"line":1,"column":0},"end":{"line":1,"column":62}},"1":{"start":{"line":2,"column":0},"end":{"line":2,"column":53}},"2":{"start":{"line":8,"column":8},"end":{"line":8,"column":null}},"3":{"start":{"line":11,"column":6},"end":{"line":11,"column":null}},"4":{"start":{"line":11,"column":38},"end":{"line":11,"column":58}},"5":{"start":{"line":5,"column":0},"end":{"line":5,"column":13}},"6":{"start":{"line":14,"column":13},"end":{"line":14,"column":51}}},"fnMap":{"0":{"name":"(anonymous_0)","decl":{"start":{"line":7,"column":3},"end":{"line":7,"column":null}},"loc":{"start":{"line":7,"column":3},"end":{"line":9,"column":5}}},"1":{"name":"(anonymous_1)","decl":{"start":{"line":10,"column":4},"end":{"line":10,"column":9}},"loc":{"start":{"line":10,"column":34},"end":{"line":12,"column":5}}},"2":{"name":"(anonymous_2)","decl":{"start":{"line":11,"column":30},"end":{"line":11,"column":34}},"loc":{"start":{"line":11,"column":38},"end":{"line":11,"column":58}}}},"branchMap":{"0":{"loc":{"start":{"line":11,"column":14},"end":{"line":11,"column":66}},"type":"binary-expr","locations":[{"start":{"line":11,"column":14},"end":{"line":11,"column":59}},{"start":{"line":11,"column":62},"end":{"line":11,"column":66}}]}},"s":{"0":1,"1":1,"2":1,"3":0,"4":0,"5":1,"6":1},"f":{"0":1,"1":0,"2":0},"b":{"0":[0,0]}}
,"D:\\Code2career-NodeJS-GSG\\GSG-c2c-NodeJS-Tasks\\src\\users\\user.routes.ts": {"path":"D:\\Code2career-NodeJS-GSG\\GSG-c2c-NodeJS-Tasks\\src\\users\\user.routes.ts","statementMap":{"0":{"start":{"line":1,"column":0},"end":{"line":1,"column":33}},"1":{"start":{"line":2,"column":0},"end":{"line":2,"column":68}},"2":{"start":{"line":3,"column":0},"end":{"line":3,"column":85}},"3":{"start":{"line":4,"column":0},"end":{"line":4,"column":37}},"4":{"start":{"line":6,"column":15},"end":{"line":6,"column":23}},"5":{"start":{"line":7,"column":0},"end":{"line":7,"column":null}},"6":{"start":{"line":8,"column":0},"end":{"line":10,"column":3}},"7":{"start":{"line":9,"column":2},"end":{"line":9,"column":42}},"8":{"start":{"line":12,"column":2},"end":{"line":12,"column":null}},"9":{"start":{"line":15,"column":0},"end":{"line":15,"column":null}},"10":{"start":{"line":18,"column":0},"end":{"line":18,"column":null}},"11":{"start":{"line":20,"column":13},"end":{"line":20,"column":null}}},"fnMap":{"0":{"name":"(anonymous_0)","decl":{"start":{"line":8,"column":16},"end":{"line":8,"column":17}},"loc":{"start":{"line":8,"column":29},"end":{"line":10,"column":1}}}},"branchMap":{},"s":{"0":1,"1":1,"2":1,"3":1,"4":1,"5":1,"6":1,"7":0,"8":1,"9":1,"10":1,"11":1},"f":{"0":0},"b":{}}
,"D:\\Code2career-NodeJS-GSG\\GSG-c2c-NodeJS-Tasks\\src\\users\\user.service.ts": {"path":"D:\\Code2career-NodeJS-GSG\\GSG-c2c-NodeJS-Tasks\\src\\users\\user.service.ts","statementMap":{"0":{"start":{"line":1,"column":0},"end":{"line":1,"column":60}},"1":{"start":{"line":2,"column":0},"end":{"line":2,"column":49}},"2":{"start":{"line":3,"column":0},"end":{"line":3,"column":60}},"3":{"start":{"line":4,"column":0},"end":{"line":4,"column":61}},"4":{"start":{"line":6,"column":0},"end":{"line":6,"column":47}},"5":{"start":{"line":7,"column":0},"end":{"line":7,"column":52}},"6":{"start":{"line":12,"column":24},"end":{"line":12,"column":61}},"7":{"start":{"line":13,"column":11},"end":{"line":15,"column":12}},"8":{"start":{"line":14,"column":14},"end":{"line":14,"column":null}},"9":{"start":{"line":16,"column":11},"end":{"line":16,"column":23}},"10":{"start":{"line":21,"column":25},"end":{"line":21,"column":82}},"11":{"start":{"line":22,"column":12},"end":{"line":24,"column":13}},"12":{"start":{"line":23,"column":15},"end":{"line":23,"column":null}},"13":{"start":{"line":25,"column":12},"end":{"line":25,"column":null}},"14":{"start":{"line":29,"column":28},"end":{"line":29,"column":67}},"15":{"start":{"line":31,"column":25},"end":{"line":32,"column":63}},"16":{"start":{"line":35,"column":8},"end":{"line":35,"column":53}},"17":{"start":{"line":39,"column":5},"end":{"line":39,"column":null}},"18":{"start":{"line":42,"column":5},"end":{"line":42,"column":null}},"19":{"start":{"line":9,"column":0},"end":{"line":9,"column":13}},"20":{"start":{"line":45,"column":13},"end":{"line":45,"column":null}}},"fnMap":{"0":{"name":"(anonymous_0)","decl":{"start":{"line":11,"column":8},"end":{"line":11,"column":13}},"loc":{"start":{"line":11,"column":43},"end":{"line":17,"column":9}}},"1":{"name":"(anonymous_1)","decl":{"start":{"line":19,"column":9},"end":{"line":19,"column":14}},"loc":{"start":{"line":19,"column":67},"end":{"line":26,"column":10}}},"2":{"name":"(anonymous_2)","decl":{"start":{"line":27,"column":4},"end":{"line":27,"column":9}},"loc":{"start":{"line":27,"column":44},"end":{"line":37,"column":4}}},"3":{"name":"(anonymous_3)","decl":{"start":{"line":38,"column":3},"end":{"line":38,"column":9}},"loc":{"start":{"line":38,"column":63},"end":{"line":40,"column":4}}},"4":{"name":"(anonymous_4)","decl":{"start":{"line":41,"column":3},"end":{"line":41,"column":14}},"loc":{"start":{"line":41,"column":27},"end":{"line":43,"column":4}}}},"branchMap":{"0":{"loc":{"start":{"line":13,"column":11},"end":{"line":15,"column":12}},"type":"if","locations":[{"start":{"line":13,"column":11},"end":{"line":15,"column":12}},{"start":{},"end":{}}]},"1":{"loc":{"start":{"line":22,"column":12},"end":{"line":24,"column":13}},"type":"if","locations":[{"start":{"line":22,"column":12},"end":{"line":24,"column":13}},{"start":{},"end":{}}]}},"s":{"0":1,"1":1,"2":1,"3":1,"4":1,"5":1,"6":0,"7":0,"8":0,"9":0,"10":0,"11":0,"12":0,"13":0,"14":0,"15":0,"16":0,"17":0,"18":0,"19":1,"20":1},"f":{"0":0,"1":0,"2":0,"3":0,"4":0},"b":{"0":[0,0],"1":[0,0]}}
,"D:\\Code2career-NodeJS-GSG\\GSG-c2c-NodeJS-Tasks\\src\\users\\utils\\user.schema.ts": {"path":"D:\\Code2career-NodeJS-GSG\\GSG-c2c-NodeJS-Tasks\\src\\users\\utils\\user.schema.ts","statementMap":{"0":{"start":{"line":1,"column":0},"end":{"line":1,"column":31}},"1":{"start":{"line":2,"column":0},"end":{"line":2,"column":51}},"2":{"start":{"line":5,"column":13},"end":{"line":13,"column":null}},"3":{"start":{"line":15,"column":13},"end":{"line":19,"column":null}}},"fnMap":{},"branchMap":{},"s":{"0":1,"1":1,"2":1,"3":1},"f":{},"b":{}}
,"D:\\Code2career-NodeJS-GSG\\GSG-c2c-NodeJS-Tasks\\tests\\helper\\supertest.helper.ts": {"path":"D:\\Code2career-NodeJS-GSG\\GSG-c2c-NodeJS-Tasks\\tests\\helper\\supertest.helper.ts","statementMap":{"0":{"start":{"line":1,"column":0},"end":{"line":1,"column":38}},"1":{"start":{"line":2,"column":0},"end":{"line":2,"column":31}},"2":{"start":{"line":3,"column":0},"end":{"line":3,"column":56}},"3":{"start":{"line":6,"column":14},"end":{"line":6,"column":53}},"4":{"start":{"line":7,"column":13},"end":{"line":7,"column":52}},"5":{"start":{"line":9,"column":13},"end":{"line":11,"column":43}}},"fnMap":{},"branchMap":{},"s":{"0":1,"1":1,"2":1,"3":1,"4":1,"5":1},"f":{},"b":{}}
}
